<html>
<head>
<title>TestNG:  firefox</title>
<link href="../testng.css" rel="stylesheet" type="text/css" />
<link href="../my-testng.css" rel="stylesheet" type="text/css" />

<style type="text/css">
.log { display: none;} 
.stack-trace { display: none;} 
</style>
<script type="text/javascript">
<!--
function flip(e) {
  current = e.style.display;
  if (current == 'block') {
    e.style.display = 'none';
    return 0;
  }
  else {
    e.style.display = 'block';
    return 1;
  }
}

function toggleBox(szDivId, elem, msg1, msg2)
{
  var res = -1;  if (document.getElementById) {
    res = flip(document.getElementById(szDivId));
  }
  else if (document.all) {
    // this is the way old msie versions work
    res = flip(document.all[szDivId]);
  }
  if(elem) {
    if(res == 0) elem.innerHTML = msg1; else elem.innerHTML = msg2;
  }

}

function toggleAllBoxes() {
  if (document.getElementsByTagName) {
    d = document.getElementsByTagName('div');
    for (i = 0; i < d.length; i++) {
      if (d[i].className == 'log') {
        flip(d[i]);
      }
    }
  }
}

// -->
</script>

</head>
<body>
<h2 align='center'>firefox</h2><table border='1' align="center">
<tr>
<td>Tests passed/Failed/Skipped:</td><td>0/0/8</td>
</tr><tr>
<td>Started on:</td><td>Fri Jan 19 17:15:31 MST 2018</td>
</tr>
<tr><td>Total time:</td><td>6 seconds (6073 ms)</td>
</tr><tr>
<td>Included groups:</td><td></td>
</tr><tr>
<td>Excluded groups:</td><td></td>
</tr>
</table><p/>
<small><i>(Hover the method name to see the test class name)</i></small><p/>
<table width='100%' border='1' class='invocation-failed'>
<tr><td colspan='4' align='center'><b>FAILED CONFIGURATIONS</b></td></tr>
<tr><td><b>Test method</b></td>
<td width="30%"><b>Exception</b></td>
<td width="10%"><b>Time (seconds)</b></td>
<td><b>Instance</b></td>
</tr>
<tr>
<td title='annatations.Testmethods.nav()'><b>nav</b><br>Test class: annatations.Testmethods</td>
<td><div><pre>org.openqa.selenium.WebDriverException: unknown error: missing or invalid &apos;entry.level&apos;
  (Session info: chrome=63.0.3239.132)
  (Driver info: chromedriver=2.25.426923 (0390b88869384d6eb0d5d09729679f934aab9eed),platform=Windows NT 10.0.15063 x86_64) (WARNING: The server did not provide any stacktrace information)
Command duration or timeout: 3.40 seconds
Build info: version: &apos;2.53.0&apos;, revision: &apos;35ae25b&apos;, time: &apos;2016-03-15 17:00:58&apos;
System info: host: &apos;LAPTOP-NVHNPNHC&apos;, ip: &apos;192.168.1.7&apos;, os.name: &apos;Windows 10&apos;, os.arch: &apos;amd64&apos;, os.version: &apos;10.0&apos;, java.version: &apos;1.8.0_101&apos;
Driver info: org.openqa.selenium.chrome.ChromeDriver
Capabilities [{applicationCacheEnabled=false, rotatable=false, mobileEmulationEnabled=false, networkConnectionEnabled=false, chrome={chromedriverVersion=2.25.426923 (0390b88869384d6eb0d5d09729679f934aab9eed), userDataDir=C:\Users\Geetha\AppData\Local\Temp\scoped_dir13536_29417}, takesHeapSnapshot=true, pageLoadStrategy=normal, databaseEnabled=false, handlesAlerts=true, hasTouchScreen=false, version=63.0.3239.132, platform=XP, browserConnectionEnabled=false, nativeEvents=true, acceptSslCerts=true, locationContextEnabled=true, webStorageEnabled=true, browserName=chrome, takesScreenshot=true, javascriptEnabled=true, cssSelectorsEnabled=true}]
Session ID: 85ecfb9dbf1a4c0e81ea9b9e579d3dcc
	at org.openqa.selenium.remote.ErrorHandler.createThrowable(ErrorHandler.java:206)
	at org.openqa.selenium.remote.ErrorHandler.throwIfResponseFailed(ErrorHandler.java:158)
	at org.openqa.selenium.remote.RemoteWebDriver.execute(RemoteWebDriver.java:678)
	at org.openqa.selenium.remote.RemoteWebDriver.get(RemoteWebDriver.java:316)
	at annatations.BeforeTestannot.nav(BeforeTestannot.java:18)
... Removed 26 stack frames</pre></div><a href='#' onClick='toggleBox("stack-trace717176949", this, "Click to show all stack frames", "Click to hide stack frames")'>Click to show all stack frames</a>
<div class='stack-trace' id='stack-trace717176949'><pre>org.openqa.selenium.WebDriverException: unknown error: missing or invalid &apos;entry.level&apos;
  (Session info: chrome=63.0.3239.132)
  (Driver info: chromedriver=2.25.426923 (0390b88869384d6eb0d5d09729679f934aab9eed),platform=Windows NT 10.0.15063 x86_64) (WARNING: The server did not provide any stacktrace information)
Command duration or timeout: 3.40 seconds
Build info: version: &apos;2.53.0&apos;, revision: &apos;35ae25b&apos;, time: &apos;2016-03-15 17:00:58&apos;
System info: host: &apos;LAPTOP-NVHNPNHC&apos;, ip: &apos;192.168.1.7&apos;, os.name: &apos;Windows 10&apos;, os.arch: &apos;amd64&apos;, os.version: &apos;10.0&apos;, java.version: &apos;1.8.0_101&apos;
Driver info: org.openqa.selenium.chrome.ChromeDriver
Capabilities [{applicationCacheEnabled=false, rotatable=false, mobileEmulationEnabled=false, networkConnectionEnabled=false, chrome={chromedriverVersion=2.25.426923 (0390b88869384d6eb0d5d09729679f934aab9eed), userDataDir=C:\Users\Geetha\AppData\Local\Temp\scoped_dir13536_29417}, takesHeapSnapshot=true, pageLoadStrategy=normal, databaseEnabled=false, handlesAlerts=true, hasTouchScreen=false, version=63.0.3239.132, platform=XP, browserConnectionEnabled=false, nativeEvents=true, acceptSslCerts=true, locationContextEnabled=true, webStorageEnabled=true, browserName=chrome, takesScreenshot=true, javascriptEnabled=true, cssSelectorsEnabled=true}]
Session ID: 85ecfb9dbf1a4c0e81ea9b9e579d3dcc
	at sun.reflect.NativeConstructorAccessorImpl.newInstance0(Native Method)
	at sun.reflect.NativeConstructorAccessorImpl.newInstance(Unknown Source)
	at sun.reflect.DelegatingConstructorAccessorImpl.newInstance(Unknown Source)
	at java.lang.reflect.Constructor.newInstance(Unknown Source)
	at org.openqa.selenium.remote.ErrorHandler.createThrowable(ErrorHandler.java:206)
	at org.openqa.selenium.remote.ErrorHandler.throwIfResponseFailed(ErrorHandler.java:158)
	at org.openqa.selenium.remote.RemoteWebDriver.execute(RemoteWebDriver.java:678)
	at org.openqa.selenium.remote.RemoteWebDriver.get(RemoteWebDriver.java:316)
	at annatations.BeforeTestannot.nav(BeforeTestannot.java:18)
	at sun.reflect.NativeMethodAccessorImpl.invoke0(Native Method)
	at sun.reflect.NativeMethodAccessorImpl.invoke(Unknown Source)
	at sun.reflect.DelegatingMethodAccessorImpl.invoke(Unknown Source)
	at java.lang.reflect.Method.invoke(Unknown Source)
	at org.testng.internal.MethodInvocationHelper.invokeMethod(MethodInvocationHelper.java:85)
	at org.testng.internal.Invoker.invokeConfigurationMethod(Invoker.java:510)
	at org.testng.internal.Invoker.invokeConfigurations(Invoker.java:211)
	at org.testng.internal.Invoker.invokeConfigurations(Invoker.java:138)
	at org.testng.TestRunner.beforeRun(TestRunner.java:648)
	at org.testng.TestRunner.run(TestRunner.java:616)
	at org.testng.SuiteRunner.runTest(SuiteRunner.java:359)
	at org.testng.SuiteRunner.runSequentially(SuiteRunner.java:354)
	at org.testng.SuiteRunner.privateRun(SuiteRunner.java:312)
	at org.testng.SuiteRunner.run(SuiteRunner.java:261)
	at org.testng.SuiteRunnerWorker.runSuite(SuiteRunnerWorker.java:52)
	at org.testng.SuiteRunnerWorker.run(SuiteRunnerWorker.java:86)
	at org.testng.TestNG.runSuitesSequentially(TestNG.java:1215)
	at org.testng.TestNG.runSuitesLocally(TestNG.java:1140)
	at org.testng.TestNG.run(TestNG.java:1048)
	at org.testng.remote.AbstractRemoteTestNG.run(AbstractRemoteTestNG.java:132)
	at org.testng.remote.RemoteTestNG.initAndRun(RemoteTestNG.java:236)
	at org.testng.remote.RemoteTestNG.main(RemoteTestNG.java:81)
</pre></div></td>
<td>0</td>
<td>null</td></tr>
</table><p>
<table width='100%' border='1' class='invocation-skipped'>
<tr><td colspan='4' align='center'><b>SKIPPED CONFIGURATIONS</b></td></tr>
<tr><td><b>Test method</b></td>
<td width="30%"><b>Exception</b></td>
<td width="10%"><b>Time (seconds)</b></td>
<td><b>Instance</b></td>
</tr>
<tr>
<td title='annatations.Testmethods.nav()'><b>nav</b><br>Test class: annatations.Testmethods</td>
<td></td>
<td>0</td>
<td>null</td></tr>
<tr>
<td title='annatations.Testmethods.navigate()'><b>navigate</b><br>Test class: annatations.Testmethods</td>
<td></td>
<td>0</td>
<td>null</td></tr>
<tr>
<td title='demo.Beforeandafterclass.nav()'><b>nav</b><br>Test class: demo.Beforeandafterclass</td>
<td></td>
<td>0</td>
<td>demo.Beforeandafterclass@215be6bb</td></tr>
<tr>
<td title='annatations.Testmethods.evaluate()'><b>evaluate</b><br>Test class: annatations.Testmethods</td>
<td></td>
<td>0</td>
<td>annatations.Testmethods@32d992b2</td></tr>
<tr>
<td title='demo.NewTest.setup()'><b>setup</b><br>Test class: demo.NewTest</td>
<td></td>
<td>0</td>
<td>demo.NewTest@1810399e</td></tr>
<tr>
<td title='annatations.Testmethods.evaluate()'><b>evaluate</b><br>Test class: annatations.Testmethods</td>
<td></td>
<td>0</td>
<td>annatations.Testmethods@32d992b2</td></tr>
<tr>
<td title='demo.NewTest.setup()'><b>setup</b><br>Test class: demo.NewTest</td>
<td></td>
<td>0</td>
<td>demo.NewTest@1810399e</td></tr>
<tr>
<td title='demo.NewTest.end()'><b>end</b><br>Test class: demo.NewTest</td>
<td></td>
<td>0</td>
<td>demo.NewTest@1810399e</td></tr>
<tr>
<td title='demo.NewTest.end()'><b>end</b><br>Test class: demo.NewTest</td>
<td></td>
<td>0</td>
<td>demo.NewTest@1810399e</td></tr>
<tr>
<td title='demo.Beforeandafterclass.close()'><b>close</b><br>Test class: demo.Beforeandafterclass</td>
<td></td>
<td>0</td>
<td>demo.Beforeandafterclass@215be6bb</td></tr>
<tr>
<td title='demo.Gurudemo.close()'><b>close</b><br>Test class: demo.Gurudemo</td>
<td></td>
<td>0</td>
<td>null</td></tr>
<tr>
<td title='demo.Gurudemo.endthesite()'><b>endthesite</b><br>Test class: demo.Gurudemo</td>
<td></td>
<td>0</td>
<td>null</td></tr>
</table><p>
<table width='100%' border='1' class='invocation-skipped'>
<tr><td colspan='4' align='center'><b>SKIPPED TESTS</b></td></tr>
<tr><td><b>Test method</b></td>
<td width="30%"><b>Exception</b></td>
<td width="10%"><b>Time (seconds)</b></td>
<td><b>Instance</b></td>
</tr>
<tr>
<td title='demo.Gurudemo.MangerId()'><b>MangerId</b><br>Test class: demo.Gurudemo</td>
<td></td>
<td>0</td>
<td>demo.Gurudemo@5f375618</td></tr>
<tr>
<td title='demo.Gurudemo.Title()'><b>Title</b><br>Test class: demo.Gurudemo</td>
<td></td>
<td>0</td>
<td>demo.Gurudemo@5f375618</td></tr>
<tr>
<td title='annatations.Testmethods.Title()'><b>Title</b><br>Test class: annatations.Testmethods</td>
<td></td>
<td>0</td>
<td>annatations.Testmethods@32d992b2</td></tr>
<tr>
<td title='demo.NewTest.Title()'><b>Title</b><br>Test class: demo.NewTest</td>
<td></td>
<td>0</td>
<td>demo.NewTest@1810399e</td></tr>
<tr>
<td title='demo.Beforeandafterclass.link()'><b>link</b><br>Test class: demo.Beforeandafterclass</td>
<td></td>
<td>0</td>
<td>demo.Beforeandafterclass@215be6bb</td></tr>
<tr>
<td title='annatations.Testmethods.link()'><b>link</b><br>Test class: annatations.Testmethods</td>
<td></td>
<td>0</td>
<td>annatations.Testmethods@32d992b2</td></tr>
<tr>
<td title='demo.NewTest.links()'><b>links</b><br>Test class: demo.NewTest</td>
<td></td>
<td>0</td>
<td>demo.NewTest@1810399e</td></tr>
<tr>
<td title='demo.Gurudemo.login()'><b>login</b><br>Test class: demo.Gurudemo</td>
<td></td>
<td>0</td>
<td>demo.Gurudemo@5f375618</td></tr>
</table><p>
</body>
</html>