<?xml version="1.0" encoding="UTF-8"?>
<!-- Generated by org.testng.reporters.JUnitXMLReporter -->
<testsuite hostname="LAPTOP-NVHNPNHC" name="firefox" tests="8" failures="0" timestamp="20 Jan 2018 00:15:37 GMT" time="6.073" errors="0">
  <testcase name="@BeforeTest nav" time="0.0" classname="annatations.Testmethods">
    <failure type="org.openqa.selenium.WebDriverException" message="unknown error: missing or invalid &amp;apos;entry.level&amp;apos;
  (Session info: chrome=63.0.3239.132)
  (Driver info: chromedriver=2.25.426923 (0390b88869384d6eb0d5d09729679f934aab9eed),platform=Windows NT 10.0.15063 x86_64) (WARNING: The server did not provide any stacktrace information)
Command duration or timeout: 3.40 seconds
Build info: version: &amp;apos;2.53.0&amp;apos;, revision: &amp;apos;35ae25b&amp;apos;, time: &amp;apos;2016-03-15 17:00:58&amp;apos;
System info: host: &amp;apos;LAPTOP-NVHNPNHC&amp;apos;, ip: &amp;apos;192.168.1.7&amp;apos;, os.name: &amp;apos;Windows 10&amp;apos;, os.arch: &amp;apos;amd64&amp;apos;, os.version: &amp;apos;10.0&amp;apos;, java.version: &amp;apos;1.8.0_101&amp;apos;
Driver info: org.openqa.selenium.chrome.ChromeDriver
Capabilities [{applicationCacheEnabled=false, rotatable=false, mobileEmulationEnabled=false, networkConnectionEnabled=false, chrome={chromedriverVersion=2.25.426923 (0390b88869384d6eb0d5d09729679f934aab9eed), userDataDir=C:\Users\Geetha\AppData\Local\Temp\scoped_dir13536_29417}, takesHeapSnapshot=true, pageLoadStrategy=normal, databaseEnabled=false, handlesAlerts=true, hasTouchScreen=false, version=63.0.3239.132, platform=XP, browserConnectionEnabled=false, nativeEvents=true, acceptSslCerts=true, locationContextEnabled=true, webStorageEnabled=true, browserName=chrome, takesScreenshot=true, javascriptEnabled=true, cssSelectorsEnabled=true}]
Session ID: 85ecfb9dbf1a4c0e81ea9b9e579d3dcc">
      <![CDATA[org.openqa.selenium.WebDriverException: unknown error: missing or invalid 'entry.level'
  (Session info: chrome=63.0.3239.132)
  (Driver info: chromedriver=2.25.426923 (0390b88869384d6eb0d5d09729679f934aab9eed),platform=Windows NT 10.0.15063 x86_64) (WARNING: The server did not provide any stacktrace information)
Command duration or timeout: 3.40 seconds
Build info: version: '2.53.0', revision: '35ae25b', time: '2016-03-15 17:00:58'
System info: host: 'LAPTOP-NVHNPNHC', ip: '192.168.1.7', os.name: 'Windows 10', os.arch: 'amd64', os.version: '10.0', java.version: '1.8.0_101'
Driver info: org.openqa.selenium.chrome.ChromeDriver
Capabilities [{applicationCacheEnabled=false, rotatable=false, mobileEmulationEnabled=false, networkConnectionEnabled=false, chrome={chromedriverVersion=2.25.426923 (0390b88869384d6eb0d5d09729679f934aab9eed), userDataDir=C:\Users\Geetha\AppData\Local\Temp\scoped_dir13536_29417}, takesHeapSnapshot=true, pageLoadStrategy=normal, databaseEnabled=false, handlesAlerts=true, hasTouchScreen=false, version=63.0.3239.132, platform=XP, browserConnectionEnabled=false, nativeEvents=true, acceptSslCerts=true, locationContextEnabled=true, webStorageEnabled=true, browserName=chrome, takesScreenshot=true, javascriptEnabled=true, cssSelectorsEnabled=true}]
Session ID: 85ecfb9dbf1a4c0e81ea9b9e579d3dcc
	at org.openqa.selenium.remote.ErrorHandler.createThrowable(ErrorHandler.java:206)
	at org.openqa.selenium.remote.ErrorHandler.throwIfResponseFailed(ErrorHandler.java:158)
	at org.openqa.selenium.remote.RemoteWebDriver.execute(RemoteWebDriver.java:678)
	at org.openqa.selenium.remote.RemoteWebDriver.get(RemoteWebDriver.java:316)
	at annatations.BeforeTestannot.nav(BeforeTestannot.java:18)
... Removed 26 stack frames]]>
    </failure>
  </testcase> <!-- @BeforeTest nav -->
  <testcase name="@BeforeTest nav" time="0.0" classname="annatations.Testmethods">
    <skipped/>
  </testcase> <!-- @BeforeTest nav -->
  <testcase name="@BeforeTest navigate" time="0.0" classname="annatations.Testmethods">
    <skipped/>
  </testcase> <!-- @BeforeTest navigate -->
  <testcase name="@BeforeClass nav" time="0.0" classname="demo.Beforeandafterclass">
    <skipped/>
  </testcase> <!-- @BeforeClass nav -->
  <testcase name="@AfterClass close" time="0.0" classname="demo.Beforeandafterclass">
    <skipped/>
  </testcase> <!-- @AfterClass close -->
  <testcase name="@BeforeMethod evaluate" time="0.0" classname="annatations.Testmethods">
    <skipped/>
  </testcase> <!-- @BeforeMethod evaluate -->
  <testcase name="@BeforeMethod setup" time="0.0" classname="demo.NewTest">
    <skipped/>
  </testcase> <!-- @BeforeMethod setup -->
  <testcase name="@AfterMethod end" time="0.0" classname="demo.NewTest">
    <skipped/>
  </testcase> <!-- @AfterMethod end -->
  <testcase name="@BeforeMethod evaluate" time="0.0" classname="annatations.Testmethods">
    <skipped/>
  </testcase> <!-- @BeforeMethod evaluate -->
  <testcase name="@BeforeMethod setup" time="0.0" classname="demo.NewTest">
    <skipped/>
  </testcase> <!-- @BeforeMethod setup -->
  <testcase name="@AfterMethod end" time="0.0" classname="demo.NewTest">
    <skipped/>
  </testcase> <!-- @AfterMethod end -->
  <testcase name="@AfterTest close" time="0.0" classname="demo.Gurudemo">
    <skipped/>
  </testcase> <!-- @AfterTest close -->
  <testcase name="@AfterTest endthesite" time="0.0" classname="demo.Gurudemo">
    <skipped/>
  </testcase> <!-- @AfterTest endthesite -->
  <testcase name="MangerId" time="0.004" classname="demo.Gurudemo">
    <skipped/>
  </testcase> <!-- MangerId -->
  <testcase name="Title" time="0.004" classname="demo.Gurudemo">
    <skipped/>
  </testcase> <!-- Title -->
  <testcase name="login" time="0.001" classname="demo.Gurudemo">
    <skipped/>
  </testcase> <!-- login -->
  <testcase name="link" time="0.007" classname="demo.Beforeandafterclass">
    <skipped/>
  </testcase> <!-- link -->
  <testcase name="Title" time="0.001" classname="annatations.Testmethods">
    <skipped/>
  </testcase> <!-- Title -->
  <testcase name="Title" time="0.002" classname="demo.NewTest">
    <skipped/>
  </testcase> <!-- Title -->
  <testcase name="link" time="0.001" classname="annatations.Testmethods">
    <skipped/>
  </testcase> <!-- link -->
  <testcase name="links" time="0.002" classname="demo.NewTest">
    <skipped/>
  </testcase> <!-- links -->
</testsuite> <!-- firefox -->
