<?xml version="1.0" encoding="UTF-8"?>
<!-- Generated by org.testng.reporters.JUnitXMLReporter -->
<testsuite hostname="LAPTOP-NVHNPNHC" name="Default test" tests="1" failures="0" timestamp="26 Jan 2018 13:56:06 GMT" time="0.042" errors="0">
  <testcase name="@BeforeTest openbrowser" time="0.0" classname="Mavenproject.DatadrivenProject.Facebooklogintest">
    <failure type="org.testng.TestNGException" message="
Parameter &amp;apos;Browser&amp;apos; is required by @Configuration on method openbrowser but has not been marked @Optional or defined
in C:\Users\Geetha\AppData\Local\Temp\testng-eclipse-1238399374\testng-customsuite.xml">
      <![CDATA[org.testng.TestNGException: 
Parameter 'Browser' is required by @Configuration on method openbrowser but has not been marked @Optional or defined
in C:\Users\Geetha\AppData\Local\Temp\testng-eclipse-1238399374\testng-customsuite.xml
	at org.testng.internal.Parameters.createParameters(Parameters.java:155)
	at org.testng.internal.Parameters.createParameters(Parameters.java:355)
	at org.testng.internal.Parameters.createConfigurationParameters(Parameters.java:86)
	at org.testng.internal.Invoker.invokeConfigurations(Invoker.java:199)
	at org.testng.internal.Invoker.invokeConfigurations(Invoker.java:138)
	at org.testng.TestRunner.beforeRun(TestRunner.java:641)
	at org.testng.TestRunner.run(TestRunner.java:609)
	at org.testng.SuiteRunner.runTest(SuiteRunner.java:334)
	at org.testng.SuiteRunner.runSequentially(SuiteRunner.java:329)
	at org.testng.SuiteRunner.privateRun(SuiteRunner.java:291)
	at org.testng.SuiteRunner.run(SuiteRunner.java:240)
	at org.testng.SuiteRunnerWorker.runSuite(SuiteRunnerWorker.java:52)
	at org.testng.SuiteRunnerWorker.run(SuiteRunnerWorker.java:86)
	at org.testng.TestNG.runSuitesSequentially(TestNG.java:1198)
	at org.testng.TestNG.runSuitesLocally(TestNG.java:1123)
	at org.testng.TestNG.run(TestNG.java:1031)
	at org.testng.remote.AbstractRemoteTestNG.run(AbstractRemoteTestNG.java:132)
	at org.testng.remote.RemoteTestNG.initAndRun(RemoteTestNG.java:236)
	at org.testng.remote.RemoteTestNG.main(RemoteTestNG.java:81)
]]>
    </failure>
  </testcase> <!-- @BeforeTest openbrowser -->
  <testcase name="@AfterTest close" time="0.0" classname="Mavenproject.DatadrivenProject.Facebooklogintest">
    <skipped/>
  </testcase> <!-- @AfterTest close -->
  <testcase name="login" time="0.007" classname="Mavenproject.DatadrivenProject.Facebooklogintest">
    <skipped/>
  </testcase> <!-- login -->
</testsuite> <!-- Default test -->
